


ARM Macro Assembler    Page 1 


    1 00000000         ;******************** (C) COPYRIGHT 2014 STMicroelectron
                       ics ********************
    2 00000000         ;* File Name          : startup_stm32f091.s
    3 00000000         ;* Author             : MCD Application Team
    4 00000000         ;* Version            : V1.5.0
    5 00000000         ;* Date               : 05-December-2014
    6 00000000         ;* Description        : STM32F091 Devices vector table f
                       or
    7 00000000         ;*                      for MDK-ARM toolchain.
    8 00000000         ;*                      This module performs:
    9 00000000         ;*                      - Set the initial SP
   10 00000000         ;*                      - Set the initial PC == Reset_Ha
                       ndler
   11 00000000         ;*                      - Set the vector table entries w
                       ith the exceptions ISR address
   12 00000000         ;*                      - Configure the system clock
   13 00000000         ;*                      - Branches to __main in the C li
                       brary (which eventually
   14 00000000         ;*                        calls main()).
   15 00000000         ;*                      After Reset the CortexM0 process
                       or is in Thread mode,
   16 00000000         ;*                      priority is Privileged, and the 
                       Stack is set to Main.
   17 00000000         ;* <<< Use Configuration Wizard in Context Menu >>>   
   18 00000000         ;*******************************************************
                       ************************
   19 00000000         ;  @attention
   20 00000000         ; 
   21 00000000         ;  Licensed under MCD-ST Liberty SW License Agreement V2
                       , (the "License");
   22 00000000         ;  You may not use this file except in compliance with t
                       he License.
   23 00000000         ;  You may obtain a copy of the License at:
   24 00000000         ; 
   25 00000000         ;         http://www.st.com/software_license_agreement_l
                       iberty_v2
   26 00000000         ; 
   27 00000000         ;  Unless required by applicable law or agreed to in wri
                       ting, software 
   28 00000000         ;  distributed under the License is distributed on an "A
                       S IS" BASIS, 
   29 00000000         ;  WITHOUT WARRANTIES OR CONDITIONS OF ANY KIND, either 
                       express or implied.
   30 00000000         ;  See the License for the specific language governing p
                       ermissions and
   31 00000000         ;  limitations under the License.
   32 00000000         ; 
   33 00000000         ;*******************************************************
                       ************************
   34 00000000         ;
   35 00000000         ; Amount of memory (in bytes) allocated for Stack
   36 00000000         ; Tailor this value to your application needs
   37 00000000         ; <h> Stack Configuration
   38 00000000         ;   <o> Stack Size (in Bytes) <0x0-0xFFFFFFFF:8>
   39 00000000         ; </h>
   40 00000000         
   41 00000000 00000400 
                       Stack_Size
                               EQU              0x00000400



ARM Macro Assembler    Page 2 


   42 00000000         
   43 00000000                 AREA             STACK, NOINIT, READWRITE, ALIGN
=3
   44 00000000         Stack_Mem
                               SPACE            Stack_Size
   45 00000400         __initial_sp
   46 00000400         
   47 00000400         
   48 00000400         ; <h> Heap Configuration
   49 00000400         ;   <o>  Heap Size (in Bytes) <0x0-0xFFFFFFFF:8>
   50 00000400         ; </h>
   51 00000400         
   52 00000400 00000200 
                       Heap_Size
                               EQU              0x00000200
   53 00000400         
   54 00000400                 AREA             HEAP, NOINIT, READWRITE, ALIGN=
3
   55 00000000         __heap_base
   56 00000000         Heap_Mem
                               SPACE            Heap_Size
   57 00000200         __heap_limit
   58 00000200         
   59 00000200                 PRESERVE8
   60 00000200                 THUMB
   61 00000200         
   62 00000200         
   63 00000200         ; Vector Table Mapped to Address 0 at Reset
   64 00000200                 AREA             RESET, DATA, READONLY
   65 00000000                 IMPORT           SysTick_Handler
   66 00000000                 EXPORT           __Vectors
   67 00000000                 EXPORT           __Vectors_End
   68 00000000                 EXPORT           __Vectors_Size
   69 00000000         
   70 00000000 00000000 
                       __Vectors
                               DCD              __initial_sp ; Top of Stack
   71 00000004 00000000        DCD              Reset_Handler ; Reset Handler
   72 00000008 00000000        DCD              NMI_Handler ; NMI Handler
   73 0000000C 00000000        DCD              HardFault_Handler ; Hard Fault 
                                                            Handler
   74 00000010 00000000        DCD              0           ; Reserved
   75 00000014 00000000        DCD              0           ; Reserved
   76 00000018 00000000        DCD              0           ; Reserved
   77 0000001C 00000000        DCD              0           ; Reserved
   78 00000020 00000000        DCD              0           ; Reserved
   79 00000024 00000000        DCD              0           ; Reserved
   80 00000028 00000000        DCD              0           ; Reserved
   81 0000002C 00000000        DCD              SVC_Handler ; SVCall Handler
   82 00000030 00000000        DCD              0           ; Reserved
   83 00000034 00000000        DCD              0           ; Reserved
   84 00000038 00000000        DCD              PendSV_Handler ; PendSV Handler
                                                            
   85 0000003C 00000000        DCD              SysTick_Handler 
                                                            ; SysTick Handler
   86 00000040         
   87 00000040         ; External Interrupts
   88 00000040 00000000        DCD              WWDG_IRQHandler 
                                                            ; Window Watchdog



ARM Macro Assembler    Page 3 


   89 00000044 00000000        DCD              PVD_VDDIO2_IRQHandler ; PVD and
                                                             VDDIO2 through EXT
                                                            I Line detect
   90 00000048 00000000        DCD              RTC_IRQHandler ; RTC through EX
                                                            TI Line
   91 0000004C 00000000        DCD              FLASH_IRQHandler ; FLASH
   92 00000050 00000000        DCD              RCC_CRS_IRQHandler 
                                                            ; RCC and CRS
   93 00000054 00000000        DCD              EXTI0_1_IRQHandler 
                                                            ; EXTI Line 0 and 1
                                                            
   94 00000058 00000000        DCD              EXTI2_3_IRQHandler 
                                                            ; EXTI Line 2 and 3
                                                            
   95 0000005C 00000000        DCD              EXTI4_15_IRQHandler 
                                                            ; EXTI Line 4 to 15
                                                            
   96 00000060 00000000        DCD              TSC_IRQHandler ; TS
   97 00000064 00000000        DCD              DMA1_Ch1_IRQHandler 
                                                            ; DMA1 Channel 1
   98 00000068 00000000        DCD              DMA1_Ch2_3_DMA2_Ch1_2_IRQHandle
r 
                                                            ; DMA1 Channel 2 an
                                                            d 3 & DMA2 Channel 
                                                            1 and 2
   99 0000006C 00000000        DCD              DMA1_Ch4_7_DMA2_Ch3_5_IRQHandle
r 
                                                            ; DMA1 Channel 4 to
                                                             7 & DMA2 Channel 3
                                                             to 5 
  100 00000070 00000000        DCD              ADC1_COMP_IRQHandler ; ADC1, CO
                                                            MP1 and COMP2 
  101 00000074 00000000        DCD              TIM1_BRK_UP_TRG_COM_IRQHandler 
                                                            ; TIM1 Break, Updat
                                                            e, Trigger and Comm
                                                            utation
  102 00000078 00000000        DCD              TIM1_CC_IRQHandler ; TIM1 Captu
                                                            re Compare
  103 0000007C 00000000        DCD              TIM2_IRQHandler ; TIM2
  104 00000080 00000000        DCD              TIM3_IRQHandler ; TIM3
  105 00000084 00000000        DCD              TIM6_DAC_IRQHandler 
                                                            ; TIM6 and DAC
  106 00000088 00000000        DCD              TIM7_IRQHandler ; TIM7
  107 0000008C 00000000        DCD              TIM14_IRQHandler ; TIM14
  108 00000090 00000000        DCD              TIM15_IRQHandler ; TIM15
  109 00000094 00000000        DCD              TIM16_IRQHandler ; TIM16
  110 00000098 00000000        DCD              TIM17_IRQHandler ; TIM17
  111 0000009C 00000000        DCD              I2C1_IRQHandler ; I2C1
  112 000000A0 00000000        DCD              I2C2_IRQHandler ; I2C2
  113 000000A4 00000000        DCD              SPI1_IRQHandler ; SPI1
  114 000000A8 00000000        DCD              SPI2_IRQHandler ; SPI2
  115 000000AC 00000000        DCD              USART1_IRQHandler ; USART1
  116 000000B0 00000000        DCD              USART2_IRQHandler ; USART2
  117 000000B4 00000000        DCD              USART3_8_IRQHandler ; USART3, U
                                                            SART4, USART5, USAR
                                                            T6, USART7, USART8
  118 000000B8 00000000        DCD              CEC_CAN_IRQHandler 
                                                            ; CEC and CAN
  119 000000BC         



ARM Macro Assembler    Page 4 


  120 000000BC         __Vectors_End
  121 000000BC         
  122 000000BC 000000BC 
                       __Vectors_Size
                               EQU              __Vectors_End - __Vectors
  123 000000BC         
  124 000000BC                 AREA             |.text|, CODE, READONLY
  125 00000000         
  126 00000000         ; Reset handler routine
  127 00000000         Reset_Handler
                               PROC
  128 00000000                 EXPORT           Reset_Handler                 [
WEAK]
  129 00000000                 IMPORT           __main
  130 00000000                 IMPORT           SystemInit
  131 00000000         
  132 00000000         
  133 00000000         
  134 00000000 480E            LDR              R0, =__initial_sp ; set stack p
                                                            ointer 
  135 00000002 F380 8808       MSR              MSP, R0
  136 00000006         
  137 00000006         ;;Check if boot space corresponds to test memory 
  138 00000006         
  139 00000006 480E            LDR              R0,=0x00000004
  140 00000008 6801            LDR              R1, [R0]
  141 0000000A 0E09            LSRS             R1, R1, #24
  142 0000000C 4A0D            LDR              R2,=0x1F
  143 0000000E 4291            CMP              R1, R2
  144 00000010         
  145 00000010 D105            BNE              ApplicationStart
  146 00000012         
  147 00000012         ;; SYSCFG clock enable    
  148 00000012         
  149 00000012 480D            LDR              R0,=0x40021018
  150 00000014 490D            LDR              R1,=0x00000001
  151 00000016 6001            STR              R1, [R0]
  152 00000018         
  153 00000018         ;; Set CFGR1 register with flash memory remap at address
                        0
  154 00000018         
  155 00000018 480D            LDR              R0,=0x40010000
  156 0000001A 490E            LDR              R1,=0x00000000
  157 0000001C 6001            STR              R1, [R0]
  158 0000001E         ApplicationStart
  159 0000001E 480E            LDR              R0, =SystemInit
  160 00000020 4780            BLX              R0
  161 00000022 480E            LDR              R0, =__main
  162 00000024 4700            BX               R0
  163 00000026                 ENDP
  164 00000026         
  165 00000026         ; Dummy Exception Handlers (infinite loops which can be 
                       modified)
  166 00000026         
  167 00000026         NMI_Handler
                               PROC
  168 00000026                 EXPORT           NMI_Handler                    
[WEAK]
  169 00000026 E7FE            B                .



ARM Macro Assembler    Page 5 


  170 00000028                 ENDP
  172 00000028         HardFault_Handler
                               PROC
  173 00000028                 EXPORT           HardFault_Handler              
[WEAK]
  174 00000028 E7FE            B                .
  175 0000002A                 ENDP
  176 0000002A         SVC_Handler
                               PROC
  177 0000002A                 EXPORT           SVC_Handler                    
[WEAK]
  178 0000002A E7FE            B                .
  179 0000002C                 ENDP
  180 0000002C         PendSV_Handler
                               PROC
  181 0000002C                 EXPORT           PendSV_Handler                 
[WEAK]
  182 0000002C E7FE            B                .
  183 0000002E                 ENDP
  184 0000002E         
  185 0000002E         Default_Handler
                               PROC
  186 0000002E         
  187 0000002E                 EXPORT           WWDG_IRQHandler                
[WEAK]
  188 0000002E                 EXPORT           PVD_VDDIO2_IRQHandler          
[WEAK]
  189 0000002E                 EXPORT           RTC_IRQHandler                 
[WEAK]
  190 0000002E                 EXPORT           FLASH_IRQHandler               
[WEAK]
  191 0000002E                 EXPORT           RCC_CRS_IRQHandler             
[WEAK]
  192 0000002E                 EXPORT           EXTI0_1_IRQHandler             
[WEAK]
  193 0000002E                 EXPORT           EXTI2_3_IRQHandler             
[WEAK]
  194 0000002E                 EXPORT           EXTI4_15_IRQHandler            
[WEAK]
  195 0000002E                 EXPORT           TSC_IRQHandler                 
 [WEAK]
  196 0000002E                 EXPORT           DMA1_Ch1_IRQHandler            
  [WEAK]
  197 0000002E                 EXPORT           DMA1_Ch2_3_DMA2_Ch1_2_IRQHandle
r [WEAK]
  198 0000002E                 EXPORT           DMA1_Ch4_7_DMA2_Ch3_5_IRQHandle
r [WEAK]
  199 0000002E                 EXPORT           ADC1_COMP_IRQHandler           
  [WEAK]
  200 0000002E                 EXPORT           TIM1_BRK_UP_TRG_COM_IRQHandler 
  [WEAK]
  201 0000002E                 EXPORT           TIM1_CC_IRQHandler             
  [WEAK]
  202 0000002E                 EXPORT           TIM2_IRQHandler                
  [WEAK]
  203 0000002E                 EXPORT           TIM3_IRQHandler                
  [WEAK]
  204 0000002E                 EXPORT           TIM6_DAC_IRQHandler            
  [WEAK]



ARM Macro Assembler    Page 6 


  205 0000002E                 EXPORT           TIM7_IRQHandler                
  [WEAK]
  206 0000002E                 EXPORT           TIM14_IRQHandler               
  [WEAK]
  207 0000002E                 EXPORT           TIM15_IRQHandler               
  [WEAK]
  208 0000002E                 EXPORT           TIM16_IRQHandler               
  [WEAK]
  209 0000002E                 EXPORT           TIM17_IRQHandler               
  [WEAK]
  210 0000002E                 EXPORT           I2C1_IRQHandler                
  [WEAK]
  211 0000002E                 EXPORT           I2C2_IRQHandler                
  [WEAK]
  212 0000002E                 EXPORT           SPI1_IRQHandler                
[WEAK]
  213 0000002E                 EXPORT           SPI2_IRQHandler                
[WEAK]
  214 0000002E                 EXPORT           USART1_IRQHandler              
[WEAK]
  215 0000002E                 EXPORT           USART2_IRQHandler              
[WEAK]
  216 0000002E                 EXPORT           USART3_8_IRQHandler            
[WEAK]
  217 0000002E                 EXPORT           CEC_CAN_IRQHandler             
[WEAK]
  218 0000002E         
  219 0000002E         
  220 0000002E         WWDG_IRQHandler
  221 0000002E         PVD_VDDIO2_IRQHandler
  222 0000002E         RTC_IRQHandler
  223 0000002E         FLASH_IRQHandler
  224 0000002E         RCC_CRS_IRQHandler
  225 0000002E         EXTI0_1_IRQHandler
  226 0000002E         EXTI2_3_IRQHandler
  227 0000002E         EXTI4_15_IRQHandler
  228 0000002E         TSC_IRQHandler
  229 0000002E         DMA1_Ch1_IRQHandler
  230 0000002E         DMA1_Ch2_3_DMA2_Ch1_2_IRQHandler
  231 0000002E         DMA1_Ch4_7_DMA2_Ch3_5_IRQHandler
  232 0000002E         ADC1_COMP_IRQHandler
  233 0000002E         TIM1_BRK_UP_TRG_COM_IRQHandler
  234 0000002E         TIM1_CC_IRQHandler
  235 0000002E         TIM2_IRQHandler
  236 0000002E         TIM3_IRQHandler
  237 0000002E         TIM6_DAC_IRQHandler
  238 0000002E         TIM7_IRQHandler
  239 0000002E         TIM14_IRQHandler
  240 0000002E         TIM15_IRQHandler
  241 0000002E         TIM16_IRQHandler
  242 0000002E         TIM17_IRQHandler
  243 0000002E         I2C1_IRQHandler
  244 0000002E         I2C2_IRQHandler
  245 0000002E         SPI1_IRQHandler
  246 0000002E         SPI2_IRQHandler
  247 0000002E         USART1_IRQHandler
  248 0000002E         USART2_IRQHandler
  249 0000002E         USART3_8_IRQHandler
  250 0000002E         CEC_CAN_IRQHandler



ARM Macro Assembler    Page 7 


  251 0000002E         
  252 0000002E E7FE            B                .
  253 00000030         
  254 00000030                 ENDP
  255 00000030         
  256 00000030                 ALIGN
  257 00000030         
  258 00000030         ;*******************************************************
                       ************************
  259 00000030         ; User Stack and Heap initialization
  260 00000030         ;*******************************************************
                       ************************
  261 00000030                 IF               :DEF:__MICROLIB
  268 00000030         
  269 00000030                 IMPORT           __use_two_region_memory
  270 00000030                 EXPORT           __user_initial_stackheap
  271 00000030         
  272 00000030         __user_initial_stackheap
  273 00000030         
  274 00000030 480B            LDR              R0, =  Heap_Mem
  275 00000032 490C            LDR              R1, =(Stack_Mem + Stack_Size)
  276 00000034 4A0C            LDR              R2, = (Heap_Mem +  Heap_Size)
  277 00000036 4B0D            LDR              R3, = Stack_Mem
  278 00000038 4770            BX               LR
  279 0000003A         
  280 0000003A 00 00           ALIGN
  281 0000003C         
  282 0000003C                 ENDIF
  283 0000003C         
  284 0000003C                 END
              00000000 
              00000004 
              0000001F 
              40021018 
              00000001 
              40010000 
              00000000 
              00000000 
              00000000 
              00000000 
              00000400 
              00000200 
              00000000 
Command Line: --debug --xref --diag_suppress=9931 --cpu=Cortex-M0 --apcs=interw
ork --depend=..\bin\startup_stm32f091.d -o..\bin\startup_stm32f091.o -I.\RTE\_T
arget -Ie:\Keil_v5\ARM\PACK\Keil\STM32F0xx_DFP\2.1.0\Drivers\CMSIS\Device\ST\ST
M32F0xx\Include -Ie:\Keil_v5\ARM\CMSIS\Include --predefine="__UVISION_VERSION S
ETA 526" --predefine="STM32F091xC SETA 1" --list=.\listings\startup_stm32f091.l
st ..\startup_stm32f091.s



ARM Macro Assembler    Page 1 Alphabetic symbol ordering
Relocatable symbols

STACK 00000000

Symbol: STACK
   Definitions
      At line 43 in file ..\startup_stm32f091.s
   Uses
      None
Comment: STACK unused
Stack_Mem 00000000

Symbol: Stack_Mem
   Definitions
      At line 44 in file ..\startup_stm32f091.s
   Uses
      At line 275 in file ..\startup_stm32f091.s
      At line 277 in file ..\startup_stm32f091.s

__initial_sp 00000400

Symbol: __initial_sp
   Definitions
      At line 45 in file ..\startup_stm32f091.s
   Uses
      At line 70 in file ..\startup_stm32f091.s
      At line 134 in file ..\startup_stm32f091.s

3 symbols



ARM Macro Assembler    Page 1 Alphabetic symbol ordering
Relocatable symbols

HEAP 00000000

Symbol: HEAP
   Definitions
      At line 54 in file ..\startup_stm32f091.s
   Uses
      None
Comment: HEAP unused
Heap_Mem 00000000

Symbol: Heap_Mem
   Definitions
      At line 56 in file ..\startup_stm32f091.s
   Uses
      At line 274 in file ..\startup_stm32f091.s
      At line 276 in file ..\startup_stm32f091.s

__heap_base 00000000

Symbol: __heap_base
   Definitions
      At line 55 in file ..\startup_stm32f091.s
   Uses
      None
Comment: __heap_base unused
__heap_limit 00000200

Symbol: __heap_limit
   Definitions
      At line 57 in file ..\startup_stm32f091.s
   Uses
      None
Comment: __heap_limit unused
4 symbols



ARM Macro Assembler    Page 1 Alphabetic symbol ordering
Relocatable symbols

RESET 00000000

Symbol: RESET
   Definitions
      At line 64 in file ..\startup_stm32f091.s
   Uses
      None
Comment: RESET unused
__Vectors 00000000

Symbol: __Vectors
   Definitions
      At line 70 in file ..\startup_stm32f091.s
   Uses
      At line 66 in file ..\startup_stm32f091.s
      At line 122 in file ..\startup_stm32f091.s

__Vectors_End 000000BC

Symbol: __Vectors_End
   Definitions
      At line 120 in file ..\startup_stm32f091.s
   Uses
      At line 67 in file ..\startup_stm32f091.s
      At line 122 in file ..\startup_stm32f091.s

3 symbols



ARM Macro Assembler    Page 1 Alphabetic symbol ordering
Relocatable symbols

.text 00000000

Symbol: .text
   Definitions
      At line 124 in file ..\startup_stm32f091.s
   Uses
      None
Comment: .text unused
ADC1_COMP_IRQHandler 0000002E

Symbol: ADC1_COMP_IRQHandler
   Definitions
      At line 232 in file ..\startup_stm32f091.s
   Uses
      At line 100 in file ..\startup_stm32f091.s
      At line 199 in file ..\startup_stm32f091.s

ApplicationStart 0000001E

Symbol: ApplicationStart
   Definitions
      At line 158 in file ..\startup_stm32f091.s
   Uses
      At line 145 in file ..\startup_stm32f091.s
Comment: ApplicationStart used once
CEC_CAN_IRQHandler 0000002E

Symbol: CEC_CAN_IRQHandler
   Definitions
      At line 250 in file ..\startup_stm32f091.s
   Uses
      At line 118 in file ..\startup_stm32f091.s
      At line 217 in file ..\startup_stm32f091.s

DMA1_Ch1_IRQHandler 0000002E

Symbol: DMA1_Ch1_IRQHandler
   Definitions
      At line 229 in file ..\startup_stm32f091.s
   Uses
      At line 97 in file ..\startup_stm32f091.s
      At line 196 in file ..\startup_stm32f091.s

DMA1_Ch2_3_DMA2_Ch1_2_IRQHandler 0000002E

Symbol: DMA1_Ch2_3_DMA2_Ch1_2_IRQHandler
   Definitions
      At line 230 in file ..\startup_stm32f091.s
   Uses
      At line 98 in file ..\startup_stm32f091.s
      At line 197 in file ..\startup_stm32f091.s

DMA1_Ch4_7_DMA2_Ch3_5_IRQHandler 0000002E

Symbol: DMA1_Ch4_7_DMA2_Ch3_5_IRQHandler
   Definitions
      At line 231 in file ..\startup_stm32f091.s
   Uses
      At line 99 in file ..\startup_stm32f091.s



ARM Macro Assembler    Page 2 Alphabetic symbol ordering
Relocatable symbols

      At line 198 in file ..\startup_stm32f091.s

Default_Handler 0000002E

Symbol: Default_Handler
   Definitions
      At line 185 in file ..\startup_stm32f091.s
   Uses
      None
Comment: Default_Handler unused
EXTI0_1_IRQHandler 0000002E

Symbol: EXTI0_1_IRQHandler
   Definitions
      At line 225 in file ..\startup_stm32f091.s
   Uses
      At line 93 in file ..\startup_stm32f091.s
      At line 192 in file ..\startup_stm32f091.s

EXTI2_3_IRQHandler 0000002E

Symbol: EXTI2_3_IRQHandler
   Definitions
      At line 226 in file ..\startup_stm32f091.s
   Uses
      At line 94 in file ..\startup_stm32f091.s
      At line 193 in file ..\startup_stm32f091.s

EXTI4_15_IRQHandler 0000002E

Symbol: EXTI4_15_IRQHandler
   Definitions
      At line 227 in file ..\startup_stm32f091.s
   Uses
      At line 95 in file ..\startup_stm32f091.s
      At line 194 in file ..\startup_stm32f091.s

FLASH_IRQHandler 0000002E

Symbol: FLASH_IRQHandler
   Definitions
      At line 223 in file ..\startup_stm32f091.s
   Uses
      At line 91 in file ..\startup_stm32f091.s
      At line 190 in file ..\startup_stm32f091.s

HardFault_Handler 00000028

Symbol: HardFault_Handler
   Definitions
      At line 172 in file ..\startup_stm32f091.s
   Uses
      At line 73 in file ..\startup_stm32f091.s
      At line 173 in file ..\startup_stm32f091.s

I2C1_IRQHandler 0000002E

Symbol: I2C1_IRQHandler
   Definitions



ARM Macro Assembler    Page 3 Alphabetic symbol ordering
Relocatable symbols

      At line 243 in file ..\startup_stm32f091.s
   Uses
      At line 111 in file ..\startup_stm32f091.s
      At line 210 in file ..\startup_stm32f091.s

I2C2_IRQHandler 0000002E

Symbol: I2C2_IRQHandler
   Definitions
      At line 244 in file ..\startup_stm32f091.s
   Uses
      At line 112 in file ..\startup_stm32f091.s
      At line 211 in file ..\startup_stm32f091.s

NMI_Handler 00000026

Symbol: NMI_Handler
   Definitions
      At line 167 in file ..\startup_stm32f091.s
   Uses
      At line 72 in file ..\startup_stm32f091.s
      At line 168 in file ..\startup_stm32f091.s

PVD_VDDIO2_IRQHandler 0000002E

Symbol: PVD_VDDIO2_IRQHandler
   Definitions
      At line 221 in file ..\startup_stm32f091.s
   Uses
      At line 89 in file ..\startup_stm32f091.s
      At line 188 in file ..\startup_stm32f091.s

PendSV_Handler 0000002C

Symbol: PendSV_Handler
   Definitions
      At line 180 in file ..\startup_stm32f091.s
   Uses
      At line 84 in file ..\startup_stm32f091.s
      At line 181 in file ..\startup_stm32f091.s

RCC_CRS_IRQHandler 0000002E

Symbol: RCC_CRS_IRQHandler
   Definitions
      At line 224 in file ..\startup_stm32f091.s
   Uses
      At line 92 in file ..\startup_stm32f091.s
      At line 191 in file ..\startup_stm32f091.s

RTC_IRQHandler 0000002E

Symbol: RTC_IRQHandler
   Definitions
      At line 222 in file ..\startup_stm32f091.s
   Uses
      At line 90 in file ..\startup_stm32f091.s
      At line 189 in file ..\startup_stm32f091.s




ARM Macro Assembler    Page 4 Alphabetic symbol ordering
Relocatable symbols

Reset_Handler 00000000

Symbol: Reset_Handler
   Definitions
      At line 127 in file ..\startup_stm32f091.s
   Uses
      At line 71 in file ..\startup_stm32f091.s
      At line 128 in file ..\startup_stm32f091.s

SPI1_IRQHandler 0000002E

Symbol: SPI1_IRQHandler
   Definitions
      At line 245 in file ..\startup_stm32f091.s
   Uses
      At line 113 in file ..\startup_stm32f091.s
      At line 212 in file ..\startup_stm32f091.s

SPI2_IRQHandler 0000002E

Symbol: SPI2_IRQHandler
   Definitions
      At line 246 in file ..\startup_stm32f091.s
   Uses
      At line 114 in file ..\startup_stm32f091.s
      At line 213 in file ..\startup_stm32f091.s

SVC_Handler 0000002A

Symbol: SVC_Handler
   Definitions
      At line 176 in file ..\startup_stm32f091.s
   Uses
      At line 81 in file ..\startup_stm32f091.s
      At line 177 in file ..\startup_stm32f091.s

TIM14_IRQHandler 0000002E

Symbol: TIM14_IRQHandler
   Definitions
      At line 239 in file ..\startup_stm32f091.s
   Uses
      At line 107 in file ..\startup_stm32f091.s
      At line 206 in file ..\startup_stm32f091.s

TIM15_IRQHandler 0000002E

Symbol: TIM15_IRQHandler
   Definitions
      At line 240 in file ..\startup_stm32f091.s
   Uses
      At line 108 in file ..\startup_stm32f091.s
      At line 207 in file ..\startup_stm32f091.s

TIM16_IRQHandler 0000002E

Symbol: TIM16_IRQHandler
   Definitions
      At line 241 in file ..\startup_stm32f091.s



ARM Macro Assembler    Page 5 Alphabetic symbol ordering
Relocatable symbols

   Uses
      At line 109 in file ..\startup_stm32f091.s
      At line 208 in file ..\startup_stm32f091.s

TIM17_IRQHandler 0000002E

Symbol: TIM17_IRQHandler
   Definitions
      At line 242 in file ..\startup_stm32f091.s
   Uses
      At line 110 in file ..\startup_stm32f091.s
      At line 209 in file ..\startup_stm32f091.s

TIM1_BRK_UP_TRG_COM_IRQHandler 0000002E

Symbol: TIM1_BRK_UP_TRG_COM_IRQHandler
   Definitions
      At line 233 in file ..\startup_stm32f091.s
   Uses
      At line 101 in file ..\startup_stm32f091.s
      At line 200 in file ..\startup_stm32f091.s

TIM1_CC_IRQHandler 0000002E

Symbol: TIM1_CC_IRQHandler
   Definitions
      At line 234 in file ..\startup_stm32f091.s
   Uses
      At line 102 in file ..\startup_stm32f091.s
      At line 201 in file ..\startup_stm32f091.s

TIM2_IRQHandler 0000002E

Symbol: TIM2_IRQHandler
   Definitions
      At line 235 in file ..\startup_stm32f091.s
   Uses
      At line 103 in file ..\startup_stm32f091.s
      At line 202 in file ..\startup_stm32f091.s

TIM3_IRQHandler 0000002E

Symbol: TIM3_IRQHandler
   Definitions
      At line 236 in file ..\startup_stm32f091.s
   Uses
      At line 104 in file ..\startup_stm32f091.s
      At line 203 in file ..\startup_stm32f091.s

TIM6_DAC_IRQHandler 0000002E

Symbol: TIM6_DAC_IRQHandler
   Definitions
      At line 237 in file ..\startup_stm32f091.s
   Uses
      At line 105 in file ..\startup_stm32f091.s
      At line 204 in file ..\startup_stm32f091.s

TIM7_IRQHandler 0000002E



ARM Macro Assembler    Page 6 Alphabetic symbol ordering
Relocatable symbols


Symbol: TIM7_IRQHandler
   Definitions
      At line 238 in file ..\startup_stm32f091.s
   Uses
      At line 106 in file ..\startup_stm32f091.s
      At line 205 in file ..\startup_stm32f091.s

TSC_IRQHandler 0000002E

Symbol: TSC_IRQHandler
   Definitions
      At line 228 in file ..\startup_stm32f091.s
   Uses
      At line 96 in file ..\startup_stm32f091.s
      At line 195 in file ..\startup_stm32f091.s

USART1_IRQHandler 0000002E

Symbol: USART1_IRQHandler
   Definitions
      At line 247 in file ..\startup_stm32f091.s
   Uses
      At line 115 in file ..\startup_stm32f091.s
      At line 214 in file ..\startup_stm32f091.s

USART2_IRQHandler 0000002E

Symbol: USART2_IRQHandler
   Definitions
      At line 248 in file ..\startup_stm32f091.s
   Uses
      At line 116 in file ..\startup_stm32f091.s
      At line 215 in file ..\startup_stm32f091.s

USART3_8_IRQHandler 0000002E

Symbol: USART3_8_IRQHandler
   Definitions
      At line 249 in file ..\startup_stm32f091.s
   Uses
      At line 117 in file ..\startup_stm32f091.s
      At line 216 in file ..\startup_stm32f091.s

WWDG_IRQHandler 0000002E

Symbol: WWDG_IRQHandler
   Definitions
      At line 220 in file ..\startup_stm32f091.s
   Uses
      At line 88 in file ..\startup_stm32f091.s
      At line 187 in file ..\startup_stm32f091.s

__user_initial_stackheap 00000030

Symbol: __user_initial_stackheap
   Definitions
      At line 272 in file ..\startup_stm32f091.s
   Uses



ARM Macro Assembler    Page 7 Alphabetic symbol ordering
Relocatable symbols

      At line 270 in file ..\startup_stm32f091.s
Comment: __user_initial_stackheap used once
40 symbols



ARM Macro Assembler    Page 1 Alphabetic symbol ordering
Absolute symbols

Heap_Size 00000200

Symbol: Heap_Size
   Definitions
      At line 52 in file ..\startup_stm32f091.s
   Uses
      At line 56 in file ..\startup_stm32f091.s
      At line 276 in file ..\startup_stm32f091.s

Stack_Size 00000400

Symbol: Stack_Size
   Definitions
      At line 41 in file ..\startup_stm32f091.s
   Uses
      At line 44 in file ..\startup_stm32f091.s
      At line 275 in file ..\startup_stm32f091.s

__Vectors_Size 000000BC

Symbol: __Vectors_Size
   Definitions
      At line 122 in file ..\startup_stm32f091.s
   Uses
      At line 68 in file ..\startup_stm32f091.s
Comment: __Vectors_Size used once
3 symbols



ARM Macro Assembler    Page 1 Alphabetic symbol ordering
External symbols

SysTick_Handler 00000000

Symbol: SysTick_Handler
   Definitions
      At line 65 in file ..\startup_stm32f091.s
   Uses
      At line 85 in file ..\startup_stm32f091.s
Comment: SysTick_Handler used once
SystemInit 00000000

Symbol: SystemInit
   Definitions
      At line 130 in file ..\startup_stm32f091.s
   Uses
      At line 159 in file ..\startup_stm32f091.s
Comment: SystemInit used once
__main 00000000

Symbol: __main
   Definitions
      At line 129 in file ..\startup_stm32f091.s
   Uses
      At line 161 in file ..\startup_stm32f091.s
Comment: __main used once
__use_two_region_memory 00000000

Symbol: __use_two_region_memory
   Definitions
      At line 269 in file ..\startup_stm32f091.s
   Uses
      None
Comment: __use_two_region_memory unused
4 symbols
393 symbols in table
